<?xml version="1.0" encoding="UTF-8"?>
<testsuite xmlns:xsi="http://www.w3.org/2001/XMLSchema-instance" xsi:noNamespaceSchemaLocation="https://maven.apache.org/surefire/maven-failsafe-plugin/xsd/failsafe-test-report.xsd" name="com.virgingames.gamesinfo.DateandTimeTest" time="7.968" tests="2" errors="1" skipped="0" failures="0">
  <properties>
[...]
</properties>
  <testcase name="verifyGameFrequency" classname="com.virgingames.gamesinfo.DateandTimeTest" time="3.59">
    <error type="java.lang.NullPointerException">java.lang.NullPointerException
	at com.virgingames.gamesinfo.DateandTimeTest.verifyGameFrequency(DateandTimeTest.java:56)
</error>
    <system-out><![CDATA[HTTP/1.1 200 OK
Server: openresty/1.9.7.1
Date: Mon, 02 Dec 2019 14:20:46 GMT
Content-Type: text/plain;charset=UTF-8
Transfer-Encoding: chunked
Connection: keep-alive
Set-Cookie: JSESSIONID=w031gebcd4g255wr1d3u693nolw1x.w03;Path=/;Secure;Domain=..; Secure
Expires: Thu, 01 Jan 1970 00:00:00 GMT
Access-Control-Allow-Credentials: true
Access-Control-Allow-Methods: GET, POST, PUT, DELETE, OPTIONS
Access-Control-Allow-Headers: Origin,Accept,Authorization,DNT,X-CustomHeader,Keep-Alive,User-Agent,X-Requested-With,If-Modified-Since,Cache-Control,Content-Type,Content-Range,Range
Access-Control-Expose-Headers: Origin,Accept,Authorization,DNT,X-CustomHeader,Keep-Alive,User-Agent,X-Requested-With,If-Modified-Since,Cache-Control,Content-Type,Content-Range,Range
Content-Encoding: gzip

{"timestamp":1575296445040,"bingoLobbyInfoResource":{"ventureId":14,"website":null,"streams":[{"gameRef":79462977289,"streamId":194,"streamName":"Adventure","streamClosure":false,"startTime":1575296700000,"superJackpot":null,"progressiveJackpot":{"1":656.88,"2":656.88,"3":610.32,"4":6568.80},"fullHouse":{"1":2.00,"2":2.00,"3":3.00,"4":20.00},"lineAndFullHouseTotal":{"1":2.60,"2":2.60,"3":3.90,"4":26.00},"costPerCard":{"1":0.02,"2":0.02,"3":0.03,"4":0.20},"noPlayers":8,"linkBrandId":null,"defaultGameFrequency":300000,"jackpotLoading":false,"gameType":90,"displayLink":false,"allWinner":false,"linkGame":false,"session":false},{"gameRef":79462977210,"streamId":190,"streamName":"Voyage","streamClosure":false,"startTime":1575296700000,"superJackpot":null,"progressiveJackpot":{"1":478.04,"2":478.04,"3":567.06,"4":4780.40},"fullHouse":{"1":0.70,"2":0.70,"3":1.05,"4":7.00},"lineAndFullHouseTotal":{"1":0.70,"2":0.70,"3":1.05,"4":7.00},"costPerCard":{"1":0.10,"2":0.10,"3":0.15,"4":1.00},"noPlayers":2,"linkBrandId":0,"defaultGameFrequency":300000,"jackpotLoading":false,"gameType":75,"displayLink":true,"allWinner":false,"linkGame":true,"session":false},{"gameRef":0,"streamId":309,"streamName":"virgingamessession","streamClosure":false,"startTime":1575298800000,"superJackpot":null,"progressiveJackpot":{"1":2594.95,"2":2594.95,"3":3892.43,"4":25949.50},"fullHouse":{"1":107.73,"2":107.73,"3":161.63,"4":1077.36},"lineAndFullHouseTotal":{"1":151.09,"2":151.09,"3":226.69,"4":1511.04},"costPerCard":{"1":2.50,"2":2.50,"3":3.75,"4":25.00},"noPlayers":80,"linkBrandId":0,"defaultGameFrequency":null,"jackpotLoading":false,"gameType":null,"displayLink":false,"allWinner":false,"linkGame":true,"session":true},{"gameRef":79462977290,"streamId":193,"streamName":"Enterprise","streamClosure":false,"startTime":1575296700000,"superJackpot":null,"progressiveJackpot":{"1":8911.56,"2":8911.56,"3":11867.35,"4":89115.64},"fullHouse":{"1":50.00,"2":50.00,"3":75.00,"4":499.98},"lineAndFullHouseTotal":{"1":62.51,"2":62.51,"3":93.76,"4":625.08},"costPerCard":{"1":0.08,"2":0.08,"3":0.12,"4":0.80},"noPlayers":22,"linkBrandId":null,"defaultGameFrequency":300000,"jackpotLoading":false,"gameType":90,"displayLink":false,"allWinner":false,"linkGame":false,"session":false},{"gameRef":79470517102,"streamId":1253,"streamName":"BloxBingoVirgin","streamClosure":false,"startTime":1575309600000,"superJackpot":{"1":15000.00,"2":15000.00,"3":22500.00,"4":150000.00},"progressiveJackpot":null,"fullHouse":{"1":750.00,"2":750.00,"3":1125.00,"4":7499.98},"lineAndFullHouseTotal":{"1":1060.11,"2":1060.11,"3":1590.16,"4":10601.06},"costPerCard":{"1":0.25,"2":0.25,"3":0.38,"4":2.50},"noPlayers":79,"linkBrandId":1,"defaultGameFrequency":300000,"jackpotLoading":false,"gameType":90,"displayLink":true,"allWinner":false,"linkGame":true,"session":false},{"gameRef":79462977204,"streamId":1256,"streamName":"CrystalMazeVirgin","streamClosure":false,"startTime":1575296700000,"superJackpot":null,"progressiveJackpot":{"1":62960.63,"2":62960.63,"3":1.10,"4":629606.25},"fullHouse":{"1":10.00,"2":10.00,"3":15.00,"4":100.00},"lineAndFullHouseTotal":{"1":13.00,"2":13.00,"3":19.50,"4":130.00},"costPerCard":{"1":0.10,"2":0.10,"3":0.15,"4":1.00},"noPlayers":23,"linkBrandId":3,"defaultGameFrequency":300000,"jackpotLoading":false,"gameType":90,"displayLink":true,"allWinner":false,"linkGame":true,"session":false},{"gameRef":79462977208,"streamId":1257,"streamName":"SuperlinksVirgin","streamClosure":false,"startTime":1575296700000,"superJackpot":{"1":10000.00,"2":10000.00,"3":15000.00,"4":100000.00},"progressiveJackpot":null,"fullHouse":{"1":20.00,"2":20.00,"3":30.00,"4":200.00},"lineAndFullHouseTotal":{"1":28.50,"2":28.50,"3":42.75,"4":285.05},"costPerCard":{"1":0.10,"2":0.10,"3":0.15,"4":1.00},"noPlayers":16,"linkBrandId":1,"defaultGameFrequency":300000,"jackpotLoading":false,"gameType":90,"displayLink":true,"allWinner":false,"linkGame":true,"session":false}]}}
Size of Stream = 7
Default Game Frequency = 300000
Default Game Frequency = 300000
Default Game Frequency = 300000
Default Game Frequency = 300000
Default Game Frequency = 300000
]]></system-out>
    <system-err><![CDATA[93 [main] INFO net.thucydides.core.util.PropertiesFileLocalPreferences - idea.version2019."3"=true
106 [main] INFO net.thucydides.core.util.PropertiesFileLocalPreferences - serenity.project.name=virginGames
233 [main] INFO net.serenitybdd.core.Serenity - 

-------------------------------------------------------------------------------------
     _______. _______ .______       _______ .__   __.  __  .___________.____    ____ 
    /       ||   ____||   _  \     |   ____||  \ |  | |  | |           |\   \  /   / 
   |   (----`|  |__   |  |_)  |    |  |__   |   \|  | |  | `---|  |----` \   \/   /  
    \   \    |   __|  |      /     |   __|  |  . `  | |  |     |  |       \_    _/   
.----)   |   |  |____ |  |\  \----.|  |____ |  |\   | |  |     |  |         |  |     
|_______/    |_______|| _| `._____||_______||__| \__| |__|     |__|         |__|    
-------------------------------------------------------------------------------------

724 [main] INFO net.serenitybdd.core.Serenity - Test Suite Started: Dateand time test
956 [main] INFO net.serenitybdd.core.Serenity - 
 _____ _____ ____ _____   ____ _____  _    ____ _____ _____ ____  
|_   _| ____/ ___|_   _| / ___|_   _|/ \  |  _ \_   _| ____|  _ \ 
  | | |  _| \___ \ | |   \___ \ | | / _ \ | |_) || | |  _| | | | |
  | | | |___ ___) || |    ___) || |/ ___ \|  _ < | | | |___| |_| |
  |_| |_____|____/ |_|   |____/ |_/_/   \_\_| \_\|_| |_____|____/ 
                                                                  

TEST STARTED: verifyGameFrequency
-------------------------------------------------------------------
957 [main] INFO net.serenitybdd.core.Serenity - TEST NUMBER: 1
]]></system-err>
  </testcase>
  <testcase name="verityStratTime" classname="com.virgingames.gamesinfo.DateandTimeTest" time="0.312"/>
</testsuite>